[2022-04-11 20:04:23] Start on k222.hn.org.
tvt_data_dir: /pubhome/xli02/project/PLIM/deep_learning/FAST/fast_plim/PDBbind/pdbbind_v2019/minimized/dataset/PDBbind_minimized_intersected_Uw_rm_core_ids/complex_6A
core_data: /pubhome/xli02/Downloads/dataset/PDBbind/PDBbind_v2019/CASF_v16_index_dealt.csv
core_intersected_Uw: /pubhome/xli02/project/PLIM/deep_learning/FAST/fast_plim/test_on_core_set/2-core_intersected_Uw/core_intersected_Uw.csv
rf_max_features: 8
rf_n_estimator: 500
xgb_max_depth: None
xgb_n_estimators: None
xgb_eta: None
xgb_gamma: None
xgb_alpha: None
nn_hidden_size: 5
sgdr_penalty: l2
sgdr_alpha: 0.001
sgdr_epsilon: 0.1
sgdr_es: False
output_path: /pubhome/xli02/project/PLIM/deep_learning/RFscore/test_res
feature_version: VR1
model: RF
feature_file: /pubhome/xli02/project/PLIM/deep_learning/RFscore/featured_data/tow_datasets_features_6A.csv
dataset_name: PDBbind_minimized_intersected_Uw_Rm_core
rep_num: 4
                  name      r2      Rp     mae
0                Train  0.8176  0.9314  0.5466
1                Valid  0.3959  0.6310  0.9339
2            Self_test  0.4485  0.6745  0.9375
3                 Core  0.5065  0.7573  1.2204
4  Core_intersected_Uw  0.5517  0.8098  1.1033
[2022-04-11 20:04:35] Start on k222.hn.org.
